<?xml version="1.0" encoding="UTF-8"?>
<coverage generated="1567227542202" clover="3.2.0">
  <project timestamp="1567227542202" name="All files">
    <metrics statements="24" coveredstatements="24" conditionals="4" coveredconditionals="3" methods="7" coveredmethods="7" elements="35" coveredelements="34" complexity="0" loc="24" ncloc="24" packages="1" files="4" classes="4"/>
    <file name="Raf.js" path="/Users/ken/www/lab/G/Raf.js">
      <metrics statements="17" coveredstatements="17" conditionals="2" coveredconditionals="1" methods="4" coveredmethods="4"/>
      <line num="16" count="2" type="stmt"/>
      <line num="17" count="2" type="stmt"/>
      <line num="18" count="2" type="stmt"/>
      <line num="19" count="2" type="stmt"/>
      <line num="21" count="2" type="stmt"/>
      <line num="24" count="1" type="stmt"/>
      <line num="25" count="2" type="stmt"/>
      <line num="26" count="2" type="stmt"/>
      <line num="27" count="2" type="stmt"/>
      <line num="30" count="1" type="stmt"/>
      <line num="31" count="1" type="stmt"/>
      <line num="32" count="1" type="stmt"/>
      <line num="35" count="1" type="stmt"/>
      <line num="36" count="11" type="cond" truecount="1" falsecount="1"/>
      <line num="37" count="11" type="stmt"/>
      <line num="38" count="11" type="stmt"/>
      <line num="43" count="1" type="stmt"/>
    </file>
    <file name="clamp.js" path="/Users/ken/www/lab/G/clamp.js">
      <metrics statements="2" coveredstatements="2" conditionals="0" coveredconditionals="0" methods="1" coveredmethods="1"/>
      <line num="19" count="2" type="stmt"/>
      <line num="22" count="1" type="stmt"/>
    </file>
    <file name="lerp.js" path="/Users/ken/www/lab/G/lerp.js">
      <metrics statements="2" coveredstatements="2" conditionals="0" coveredconditionals="0" methods="1" coveredmethods="1"/>
      <line num="17" count="1" type="stmt"/>
      <line num="20" count="1" type="stmt"/>
    </file>
    <file name="round.js" path="/Users/ken/www/lab/G/round.js">
      <metrics statements="3" coveredstatements="3" conditionals="2" coveredconditionals="2" methods="1" coveredmethods="1"/>
      <line num="24" count="2" type="cond" truecount="2" falsecount="0"/>
      <line num="25" count="2" type="stmt"/>
      <line num="28" count="1" type="stmt"/>
    </file>
  </project>
</coverage>
