{"/Users/ken/www/lab/G/Raf.js": {"path":"/Users/ken/www/lab/G/Raf.js","statementMap":{"0":{"start":{"line":16,"column":2},"end":{"line":16,"column":17}},"1":{"start":{"line":17,"column":2},"end":{"line":17,"column":18}},"2":{"start":{"line":18,"column":2},"end":{"line":18,"column":24}},"3":{"start":{"line":19,"column":2},"end":{"line":19,"column":33}},"4":{"start":{"line":21,"column":2},"end":{"line":21,"column":35}},"5":{"start":{"line":24,"column":0},"end":{"line":28,"column":2}},"6":{"start":{"line":25,"column":2},"end":{"line":25,"column":33}},"7":{"start":{"line":26,"column":2},"end":{"line":26,"column":37}},"8":{"start":{"line":27,"column":2},"end":{"line":27,"column":46}},"9":{"start":{"line":30,"column":0},"end":{"line":33,"column":2}},"10":{"start":{"line":31,"column":2},"end":{"line":31,"column":32}},"11":{"start":{"line":32,"column":2},"end":{"line":32,"column":33}},"12":{"start":{"line":35,"column":0},"end":{"line":39,"column":2}},"13":{"start":{"line":36,"column":2},"end":{"line":36,"column":37}},"14":{"start":{"line":36,"column":30},"end":{"line":36,"column":37}},"15":{"start":{"line":37,"column":2},"end":{"line":37,"column":32}},"16":{"start":{"line":38,"column":2},"end":{"line":38,"column":46}},"17":{"start":{"line":43,"column":0},"end":{"line":43,"column":21}}},"fnMap":{"0":{"name":"Raf","decl":{"start":{"line":15,"column":9},"end":{"line":15,"column":12}},"loc":{"start":{"line":15,"column":19},"end":{"line":22,"column":1}},"line":15},"1":{"name":"(anonymous_1)","decl":{"start":{"line":24,"column":20},"end":{"line":24,"column":21}},"loc":{"start":{"line":24,"column":31},"end":{"line":28,"column":1}},"line":24},"2":{"name":"(anonymous_2)","decl":{"start":{"line":30,"column":21},"end":{"line":30,"column":22}},"loc":{"start":{"line":30,"column":32},"end":{"line":33,"column":1}},"line":30},"3":{"name":"(anonymous_3)","decl":{"start":{"line":35,"column":21},"end":{"line":35,"column":22}},"loc":{"start":{"line":35,"column":35},"end":{"line":39,"column":1}},"line":35}},"branchMap":{"0":{"loc":{"start":{"line":36,"column":2},"end":{"line":36,"column":37}},"type":"if","locations":[{"start":{"line":36,"column":2},"end":{"line":36,"column":37}},{"start":{"line":36,"column":2},"end":{"line":36,"column":37}}],"line":36}},"s":{"0":2,"1":2,"2":2,"3":2,"4":2,"5":1,"6":2,"7":2,"8":2,"9":1,"10":1,"11":1,"12":1,"13":11,"14":0,"15":11,"16":11,"17":1},"f":{"0":2,"1":2,"2":1,"3":11},"b":{"0":[0,11]},"_coverageSchema":"43e27e138ebf9cfc5966b082cf9a028302ed4184","hash":"3b079ab8cf2c04cfac28a1588bbbd3de975ca2d5"}
,"/Users/ken/www/lab/G/clamp.js": {"path":"/Users/ken/www/lab/G/clamp.js","statementMap":{"0":{"start":{"line":19,"column":2},"end":{"line":19,"column":50}},"1":{"start":{"line":22,"column":0},"end":{"line":22,"column":23}}},"fnMap":{"0":{"name":"clamp","decl":{"start":{"line":18,"column":9},"end":{"line":18,"column":14}},"loc":{"start":{"line":18,"column":37},"end":{"line":20,"column":1}},"line":18}},"branchMap":{},"s":{"0":2,"1":1},"f":{"0":2},"b":{},"_coverageSchema":"43e27e138ebf9cfc5966b082cf9a028302ed4184","hash":"af6d59d6987b768a5b15c8eb74bed61181304678"}
,"/Users/ken/www/lab/G/lerp.js": {"path":"/Users/ken/www/lab/G/lerp.js","statementMap":{"0":{"start":{"line":17,"column":2},"end":{"line":17,"column":25}},"1":{"start":{"line":20,"column":0},"end":{"line":20,"column":22}}},"fnMap":{"0":{"name":"lerp","decl":{"start":{"line":16,"column":9},"end":{"line":16,"column":13}},"loc":{"start":{"line":16,"column":23},"end":{"line":18,"column":1}},"line":16}},"branchMap":{},"s":{"0":1,"1":1},"f":{"0":1},"b":{},"_coverageSchema":"43e27e138ebf9cfc5966b082cf9a028302ed4184","hash":"9e1e4841f51ba7b8b958ed5ab454106e2d80fcfb"}
,"/Users/ken/www/lab/G/round.js": {"path":"/Users/ken/www/lab/G/round.js","statementMap":{"0":{"start":{"line":24,"column":10},"end":{"line":24,"column":60}},"1":{"start":{"line":25,"column":2},"end":{"line":25,"column":31}},"2":{"start":{"line":28,"column":0},"end":{"line":28,"column":23}}},"fnMap":{"0":{"name":"round","decl":{"start":{"line":23,"column":9},"end":{"line":23,"column":14}},"loc":{"start":{"line":23,"column":21},"end":{"line":26,"column":1}},"line":23}},"branchMap":{"0":{"loc":{"start":{"line":24,"column":10},"end":{"line":24,"column":60}},"type":"cond-expr","locations":[{"start":{"line":24,"column":39},"end":{"line":24,"column":42}},{"start":{"line":24,"column":45},"end":{"line":24,"column":60}}],"line":24}},"s":{"0":2,"1":2,"2":1},"f":{"0":2},"b":{"0":[1,1]},"_coverageSchema":"43e27e138ebf9cfc5966b082cf9a028302ed4184","hash":"89f98a00b8d8b7f153c5eef25aeba9123385604f"}
}
