TN:
SF:/Users/ken/www/lab/G/Raf.js
FN:15,Raf
FN:24,(anonymous_1)
FN:30,(anonymous_2)
FN:35,(anonymous_3)
FNF:4
FNH:4
FNDA:2,Raf
FNDA:2,(anonymous_1)
FNDA:1,(anonymous_2)
FNDA:11,(anonymous_3)
DA:16,2
DA:17,2
DA:18,2
DA:19,2
DA:21,2
DA:24,1
DA:25,2
DA:26,2
DA:27,2
DA:30,1
DA:31,1
DA:32,1
DA:35,1
DA:36,11
DA:37,11
DA:38,11
DA:43,1
LF:17
LH:17
BRDA:36,0,0,0
BRDA:36,0,1,11
BRF:2
BRH:1
end_of_record
TN:
SF:/Users/ken/www/lab/G/clamp.js
FN:18,clamp
FNF:1
FNH:1
FNDA:2,clamp
DA:19,2
DA:22,1
LF:2
LH:2
BRF:0
BRH:0
end_of_record
TN:
SF:/Users/ken/www/lab/G/lerp.js
FN:16,lerp
FNF:1
FNH:1
FNDA:1,lerp
DA:17,1
DA:20,1
LF:2
LH:2
BRF:0
BRH:0
end_of_record
TN:
SF:/Users/ken/www/lab/G/round.js
FN:23,round
FNF:1
FNH:1
FNDA:2,round
DA:24,2
DA:25,2
DA:28,1
LF:3
LH:3
BRDA:24,0,0,1
BRDA:24,0,1,1
BRF:2
BRH:2
end_of_record
